<?xml version="1.0" encoding="UTF-8"?>
<testng-results ignored="0" total="1" passed="1" failed="0" skipped="0">
  <reporter-output>
  </reporter-output>
  <suite started-at="2022-12-23T20:46:09 IST" name="Command line suite" finished-at="2022-12-23T20:46:30 IST" duration-ms="20721">
    <groups>
    </groups>
    <test started-at="2022-12-23T20:46:09 IST" name="Command line test" finished-at="2022-12-23T20:46:30 IST" duration-ms="20721">
      <class name="example.Main">
        <test-method signature="amazon()[pri:0, instance:example.Main@341b80b2]" started-at="2022-12-23T20:46:09 IST" name="amazon" finished-at="2022-12-23T20:46:30 IST" duration-ms="20697" status="PASS">
          <reporter-output>
          </reporter-output>
        </test-method> <!-- amazon -->
      </class> <!-- example.Main -->
    </test> <!-- Command line test -->
  </suite> <!-- Command line suite -->
</testng-results>
